//-------------------------- 1/13/2014 -- 17:10:46 -----
Warning: forcing the Torque profiler thread to run only on cpu 1.
Processor Init:
   Intel Pentium III Xeon, ~3.39 Ghz
   FPU detected
   MMX detected
   SSE detected
   SSE2 detected
   MP detected [4 cores, 4 logical, 1 physical]
 
Math Init:
   Installing Standard C extensions
   Installing Assembly extensions
   Installing FPU extensions
   Installing MMX extensions
   Installing SSE extensions
 
Initializing platform...
Input Init:
   keyboard0 input device created.
   mouse0 input device created.
   DirectInput enabled.

Done
SFXALProvider - OpenAL not available.
GFX Init:
   Direct 3D (version 9.x) device found
   Null device found

DebugDrawer Enabled!
PINAGE JUCE ON
Executing core/parseArgs.cs.
--------- Loading DIRS ---------
Executing levels/main.cs.
Executing art/main.cs.
Executing scripts/main.cs.
Executing core/main.cs.
Executing tools/main.cs.

--------- Parsing Arguments ---------
Executing scripts/client/defaults.cs.
Executing core/scripts/client/defaults.cs.
Executing scripts/client/prefs.cs.
Executing scripts/server/defaults.cs.
Executing core/scripts/server/defaults.cs.
Executing scripts/server/prefs.cs.
Executing core/scripts/client/core.cs.
Executing core/scripts/client/audio.cs.
Executing core/scripts/client/canvas.cs.
Executing core/scripts/client/cursor.cs.
Executing core/scripts/client/persistenceManagerTest.cs.
Executing core/art/gui/profiles.cs.
Executing core/scripts/gui/cursors.cs.
Executing core/scripts/client/audioEnvironments.cs.
Executing core/scripts/client/audioDescriptions.cs.
Executing core/scripts/client/audioStates.cs.
Executing core/scripts/client/audioAmbiences.cs.
Executing core/scripts/client/oculusVR.cs.
Binding server port to default IP
UDP initialized on port 0
Attempting to create GFX device: AMD Radeon HD 7800 Series (D3D9) [\\.\DISPLAY1]


Device created, setting adapter and enumerating modes
   Cur. D3DDevice ref count=1
   Pix version detected: 3.000000
   Vert version detected: 3.000000
   Maximum number of simultaneous samplers: 16
   Number of simultaneous render targets: 4
   Hardware occlusion query detected: Yes
   Using Direct3D9Ex: No
WMIVideoInfo: DxDiag initialized
Initializing GFXCardProfiler (D3D9)
   o Chipset : 'AMD Radeon Graphics Processor (0x679E)'
   o Card    : 'AMD Radeon HD 7800 Series'
   o Version : '8.17.0010.1191'
   - Scanning card capabilities...
GFXCardProfiler (D3D9) - Setting capability 'autoMipMapLevel' to 1.
GFXCardProfiler (D3D9) - Setting capability 'maxTextureWidth' to 16384.
GFXCardProfiler (D3D9) - Setting capability 'maxTextureHeight' to 16384.
GFXCardProfiler (D3D9) - Setting capability 'maxTextureSize' to 16384.
GFXCardProfiler (D3D9) - Setting capability 'lerpDetailBlend' to 1.
GFXCardProfiler (D3D9) - Setting capability 'fourStageDetailBlend' to 1.
   - Loading card profiles...
      - Loaded card profile core/profile/D3D9.cs
      - No card profile core/profile/D3D9.AMDRadeonGraphicsProcessor0x679E.cs exists
      - No card profile core/profile/D3D9.AMDRadeonGraphicsProcessor0x679E.AMDRadeonHD7800Series.cs exists
      - No card profile core/profile/D3D9.AMDRadeonGraphicsProcessor0x679E.AMDRadeonHD7800Series.81700101191.cs exists
Executing core/art/gui/console.gui.
Executing core/art/gui/consoleVarDlg.gui.
Executing core/art/gui/netGraphGui.gui.
Executing core/scripts/gui/help.cs.
Executing core/scripts/client/screenshot.cs.
Executing core/scripts/client/scriptDoc.cs.
Executing core/scripts/client/helperfuncs.cs.
Executing core/scripts/client/commands.cs.
Executing core/scripts/client/devHelpers.cs.
Executing core/scripts/client/metrics.cs.
Executing core/art/gui/FrameOverlayGui.gui.
Executing core/scripts/client/recordings.cs.
Executing core/scripts/client/centerPrint.cs.
Executing core/art/materials.cs.
Executing core/art/grids/materials.cs.
Executing core/art/shapes/materials.cs.
Executing core/art/skies/blank/materials.cs.
Executing core/scripts/client/materials.cs.
Executing core/scripts/client/commonMaterialData.cs.
Executing core/scripts/client/shaders.cs.
Executing core/scripts/client/materials.cs.
Executing core/scripts/client/terrainBlock.cs.
Executing core/scripts/client/water.cs.
Executing core/scripts/client/imposter.cs.
Executing core/scripts/client/scatterSky.cs.
Executing core/scripts/client/clouds.cs.
Executing core/scripts/client/postFx.cs.
Executing core/scripts/client/postFx/caustics.cs.
Executing core/scripts/client/postFx/chromaticLens.cs.
Executing core/scripts/client/postFx/default.postfxpreset.cs.
Executing core/scripts/client/postFx/dof.cs.
Executing core/scripts/client/postFx/edgeAA.cs.
Executing core/scripts/client/postFx/flash.cs.
Executing core/scripts/client/postFx/fog.cs.
Executing core/scripts/client/postFx/fxaa.cs.
Executing core/scripts/client/postFx/GammaPostFX.cs.
Executing core/scripts/client/postFx/glow.cs.
Executing core/scripts/client/postFx/hdr.cs.
Executing core/scripts/client/postFx/lightRay.cs.
Executing core/scripts/client/postFx/MLAA.cs.
Executing core/scripts/client/postFx/MotionBlurFx.cs.
Executing core/scripts/client/postFx/ovrBarrelDistortion.cs.
Executing core/scripts/client/postFx/postFxManager.gui.cs.
Executing core/scripts/client/postFx/postFxManager.gui.settings.cs.
Executing core/scripts/client/postFx/postFxManager.persistance.cs.
Executing core/scripts/client/postFx/ssao.cs.
Executing core/scripts/client/postFx/turbulence.cs.
Executing core/scripts/client/postFx/postFXManager.gui.
Executing core/scripts/client/postFx/postFxManager.gui.cs.
Executing core/scripts/client/postFx/postFxManager.gui.settings.cs.
Executing core/scripts/client/postFx/postFxManager.persistance.cs.
% - PostFX Manager - Executing core/scripts/client/postFx/default.postfxpreset.cs
Executing core/scripts/client/postFx/default.postfxpreset.cs.
% - PostFX Manager - Applying from preset
% - PostFX Manager - PostFX enabled
Executing core/scripts/client/client.cs.
Executing core/scripts/server/server.cs.
Executing core/scripts/gui/guiTreeViewCtrl.cs.
Executing core/scripts/gui/messageBoxes/messageBox.ed.cs.
Executing core/scripts/gui/messageBoxes/messageBoxOk.ed.gui.
Executing core/scripts/gui/messageBoxes/messageBoxYesNo.ed.gui.
Executing core/scripts/gui/messageBoxes/messageBoxYesNoCancel.ed.gui.
Executing core/scripts/gui/messageBoxes/messageBoxOKCancel.ed.gui.
Executing core/scripts/gui/messageBoxes/messageBoxOKCancelDetailsDlg.ed.gui.
Executing core/scripts/gui/messageBoxes/messagePopup.ed.gui.
Executing core/scripts/gui/messageBoxes/IODropdownDlg.ed.gui.
 % - Initialized Core
POUEEEEET


--------- Initializing Directory: scripts ---------
Executing scripts/client/init.cs.
Executing scripts/server/init.cs.
sfxStartup...
SFXSystem::createDevice - created DirectSound device 'Haut-parleurs (VIA High Definition Audio)'
SFXDSDevice::setDistanceModel - 'linear' distance attenuation not supported by DirectSound
   Provider: DirectSound
   Device: Haut-parleurs (VIA High Definition Audio)
   Hardware: No
   Buffers: 16

--------- Initializing VirtuOSE: Server Scripts ---------
Executing core/scripts/server/audio.cs.
Executing core/scripts/server/message.cs.
Executing core/scripts/server/commands.cs.
Executing core/scripts/server/levelInfo.cs.
Executing core/scripts/server/missionLoad.cs.
Executing core/scripts/server/missionDownload.cs.
Executing core/scripts/server/clientConnection.cs.
Executing core/scripts/server/kickban.cs.
Executing core/scripts/server/game.cs.
Executing core/scripts/server/spawn.cs.
Executing core/scripts/server/camera.cs.
Executing core/scripts/server/centerPrint.cs.
Executing scripts/server/commands.cs.
Executing scripts/server/game.cs.

--------- Initializing VirtuOSE: Client Scripts ---------
Executing art/gui/gameProfiles.cs.
Executing art/gui/customProfiles.cs.
Executing core/scripts/client/message.cs.
Executing core/scripts/client/mission.cs.
Executing core/scripts/client/missionDownload.cs.
Executing core/scripts/client/actionMap.cs.
Executing core/scripts/client/renderManager.cs.
Executing core/scripts/client/lighting.cs.

--------- Initializing Lighting Systems ---------
Executing core/scripts/client/lighting/advanced/init.cs.
Executing core/scripts/client/lighting/advanced/shaders.cs.
Executing core/scripts/client/lighting/advanced/lightViz.cs.
Executing core/scripts/client/lighting/advanced/shadowViz.cs.
Executing core/scripts/client/lighting/advanced/shadowViz.gui.
Executing core/scripts/client/lighting/basic/init.cs.
Executing core/scripts/client/lighting/basic/shadowFilter.cs.
Executing core/scripts/client/lighting/shadowMaps/init.cs.
Using Advanced Lighting


--------------
Attempting to set resolution to "1024 768 false 32 60 4"
Accepted Mode: 
--Resolution : 1024 768
--Full Screen : No
--Bits Per Pixel : 32
--Refresh Rate : 60
--FSAA Level : 4
--------------
GFXPCD3D9Device::reset - depthstencil 4ebd4a0 has 2 ref's
--- Resetting D3D Device ---
GFXPCD3D9Device::reset - depthstencil 22ef540 has 2 ref's
--- Resetting D3D Device ---
Executing art/gui/playGui.gui.
Executing art/gui/mainMenuGui.gui.
Executing art/gui/StartupGui.gui.
Executing art/gui/chooseLevelDlg.gui.
Executing art/gui/loadingGui.gui.
Executing art/gui/optionsDlg.gui.
Executing art/gui/remapDlg.gui.
Executing scripts/gui/playGui.cs.
Executing scripts/gui/startupGui.cs.
Executing scripts/gui/chooseLevelDlg.cs.
Executing scripts/gui/loadingGui.cs.
Executing scripts/gui/optionsDlg.cs.
Executing scripts/client/missionDownload.cs.
Executing scripts/client/serverConnection.cs.
Executing scripts/client/default.bind.cs.
Executing scripts/client/config.cs.
Executing art/lights/materials.cs.
Executing art/roads/materials.cs.
Executing art/skies/night/materials.cs.
Executing art/terrains/materials.cs.
Executing core/art/materials.cs.
Executing core/art/grids/materials.cs.
Executing core/art/shapes/materials.cs.
Executing core/art/skies/blank/materials.cs.
Executing core/scripts/client/materials.cs.
Binding server port to default IP
UDP initialized on port 0
 % - Initializing Tools
Executing tools/gui/cursors.ed.cs.
Executing tools/gui/profiles.ed.cs.
Executing tools/editorClasses/gui/panels/navPanelProfiles.ed.cs.
Executing tools/gui/guiDialogs.ed.cs.
Executing tools/gui/fileDialogBase.ed.cs.
Executing tools/gui/openFileDialog.ed.cs.
Executing tools/gui/saveFileDialog.ed.cs.
Executing tools/gui/saveChangesMBDlg.ed.gui.
Executing tools/gui/simViewDlg.ed.gui.
Executing tools/gui/colorPicker.ed.gui.
Executing tools/gui/materialSelector.ed.gui.
Executing tools/gui/scriptEditorDlg.ed.gui.
Executing tools/gui/colladaImport.ed.gui.
Executing tools/gui/EditorLoadingGui.gui.
Executing tools/gui/GuiEaseEditDlg.ed.gui.
Executing tools/gui/GuiEaseEditDlg.ed.cs.
Executing tools/gui/guiObjectInspector.ed.cs.
Executing tools/gui/uvEditor.ed.gui.
Executing tools/gui/objectSelection.ed.cs.
Executing tools/editorClasses/main.cs.
 % - Initializing Tools Base
Executing tools/editorClasses/scripts/fileLoader.ed.cs.
Compiling tools/editorClasses/gui/panels/navPanelProfiles.ed.cs...
Executing tools/editorClasses/gui/panels/navPanelProfiles.ed.cs.
Executing tools/editorClasses/scripts/preferencesManager.ed.cs.
Executing tools/editorClasses/scripts/guiFormLibraryManager.ed.cs.
Executing tools/editorClasses/scripts/guiFormContentManager.ed.cs.
Executing tools/editorClasses/scripts/guiFormReferenceManager.ed.cs.
Executing tools/editorClasses/scripts/guiFormLayoutManager.ed.cs.
Executing tools/editorClasses/scripts/guiFormMessageManager.ed.cs.
Executing tools/editorClasses/scripts/expandos.ed.cs.
Executing tools/editorClasses/scripts/utility.ed.cs.
Executing tools/editorClasses/scripts/contextPopup.ed.cs.
Executing tools/editorClasses/scripts/projects/projectEvents.ed.cs.
Executing tools/editorClasses/scripts/projects/projectInternalInterface.ed.cs.
Executing tools/editorClasses/scripts/input/inputEvents.ed.cs.
Executing tools/editorClasses/scripts/input/dragDropEvents.ed.cs.
Executing tools/editorClasses/scripts/input/applicationEvents.ed.cs.
Executing tools/editorClasses/scripts/guiFormClass.ed.cs.
Executing tools/editorClasses/scripts/guiClasses/guiThumbnailPopup.ed.cs.
Executing tools/editorClasses/scripts/guiClasses/guiThumbnail.ed.cs.
Executing tools/editorClasses/scripts/RSSNews/RSSFeedScript.ed.cs.
Executing tools/editorClasses/scripts/RSSNews/RSSStructs.ed.cs.
Compiling tools/editorClasses/scripts/core/zip/zipFile.ed.cs...
Executing tools/editorClasses/scripts/core/zip/zipFile.ed.cs.
Executing tools/base/main.cs.
 % - Initializing Base Editor
Compiling tools/base/canvas/baseCanvas.ed.cs...
Executing tools/base/canvas/baseCanvas.ed.cs.
Compiling tools/base/menuBar/baseMenu.ed.cs...
Compiling tools/base/menuBar/fileMenu.ed.cs...
Compiling tools/base/menuBar/menuBuilder.ed.cs...
Executing tools/base/menuBar/baseMenu.ed.cs.
Executing tools/base/menuBar/fileMenu.ed.cs.
Executing tools/base/menuBar/menuBuilder.ed.cs.
Compiling tools/base/utils/inspector.ed.cs...
Compiling tools/base/utils/objectNameValidation.ed.cs...
Compiling tools/base/utils/swatchButtons.ed.cs...
Compiling tools/base/utils/treeViewFilterCtrls.ed.cs...
Compiling tools/base/utils/undoActions.ed.cs...
Executing tools/base/utils/inspector.ed.cs.
Executing tools/base/utils/objectNameValidation.ed.cs.
Executing tools/base/utils/swatchButtons.ed.cs.
Executing tools/base/utils/treeViewFilterCtrls.ed.cs.
Executing tools/base/utils/undoActions.ed.cs.
Executing tools/worldEditor/main.cs.
 % - Initializing World Editor
Executing tools/worldEditor/gui/profiles.ed.cs.
Executing tools/worldEditor/scripts/cursors.ed.cs.
Executing tools/worldEditor/gui/guiCreateNewTerrainGui.gui.
Executing tools/worldEditor/gui/genericPromptDialog.ed.gui.
Executing tools/worldEditor/gui/guiTerrainImportGui.gui.
Executing tools/worldEditor/gui/guiTerrainExportGui.gui.
Executing tools/worldEditor/gui/EditorGui.ed.gui.
Executing tools/worldEditor/gui/objectBuilderGui.ed.gui.
Executing tools/worldEditor/gui/TerrainEditorVSettingsGui.ed.gui.
Executing tools/worldEditor/gui/EditorChooseLevelGui.ed.gui.
Executing tools/worldEditor/gui/VisibilityLayerWindow.ed.gui.
Executing tools/worldEditor/gui/ManageBookmarksWindow.ed.gui.
Executing tools/worldEditor/gui/ManageSFXParametersWindow.ed.gui.
Executing tools/worldEditor/gui/TimeAdjustGui.ed.gui.
Executing tools/worldEditor/gui/AddFMODProjectDlg.ed.gui.
Executing tools/worldEditor/gui/SelectObjectsWindow.ed.gui.
Executing tools/worldEditor/gui/ProceduralTerrainPainterGui.gui.
Executing tools/worldEditor/scripts/menus.ed.cs.
Executing tools/worldEditor/scripts/menuHandlers.ed.cs.
Executing tools/worldEditor/scripts/editor.ed.cs.
Executing tools/worldEditor/scripts/editor.bind.ed.cs.
Executing tools/worldEditor/scripts/undoManager.ed.cs.
Executing tools/worldEditor/scripts/lighting.ed.cs.
Executing tools/worldEditor/scripts/EditorGui.ed.cs.
Executing tools/worldEditor/scripts/editorPrefs.ed.cs.
Executing tools/worldEditor/scripts/editorRender.ed.cs.
Executing tools/worldEditor/scripts/editorPlugin.ed.cs.
Executing tools/worldEditor/scripts/EditorChooseLevelGui.ed.cs.
Executing tools/worldEditor/scripts/visibilityLayer.ed.cs.
Executing tools/worldEditor/scripts/cameraBookmarks.ed.cs.
Executing tools/worldEditor/scripts/ManageSFXParametersWindow.ed.cs.
Executing tools/worldEditor/scripts/AddFMODProjectDlg.ed.cs.
Executing tools/worldEditor/scripts/SelectObjectsWindow.ed.cs.
Compiling tools/worldEditor/scripts/editors/creator.ed.cs...
Compiling tools/worldEditor/scripts/editors/missionArea.ed.cs...
Compiling tools/worldEditor/scripts/editors/terrainEditor.ed.cs...
Compiling tools/worldEditor/scripts/editors/worldEditor.ed.cs...
Executing tools/worldEditor/scripts/editors/creator.ed.cs.
Executing tools/worldEditor/scripts/editors/missionArea.ed.cs.
Executing tools/worldEditor/scripts/editors/terrainEditor.ed.cs.
Executing tools/worldEditor/scripts/editors/worldEditor.ed.cs.
Compiling tools/worldEditor/scripts/interfaces/levelInfoEditor.ed.cs...
Compiling tools/worldEditor/scripts/interfaces/simObjectEditor.ed.cs...
Compiling tools/worldEditor/scripts/interfaces/terrainMaterialDlg.ed.cs...
Executing tools/worldEditor/scripts/interfaces/levelInfoEditor.ed.cs.
Executing tools/worldEditor/scripts/interfaces/simObjectEditor.ed.cs.
Executing tools/worldEditor/scripts/interfaces/terrainMaterialDlg.ed.cs.
Executing tools/convexEditor/main.cs.
 % - Initializing Sketch Tool
Executing tools/convexEditor/convexEditor.cs.
Executing tools/convexEditor/convexEditorGui.gui.
Executing tools/convexEditor/convexEditorToolbar.ed.gui.
Executing tools/convexEditor/convexEditorGui.cs.
Executing tools/datablockEditor/main.cs.
 - Initializing Datablock Editor
Executing tools/datablockEditor/datablockEditor.cs.
Executing tools/datablockEditor/datablockEditorUndo.cs.
Executing tools/datablockEditor/DatablockEditorTreeWindow.ed.gui.
Executing tools/datablockEditor/DatablockEditorInspectorWindow.ed.gui.
Executing tools/datablockEditor/DatablockEditorCreatePrompt.ed.gui.
Executing tools/debugger/main.cs.
 % - Initializing Debugger
Executing tools/debugger/Scripts/debugger.ed.cs.
Executing tools/debugger/Gui/breakConditionDlg.ed.gui.
Executing tools/debugger/Gui/connectDlg.ed.gui.
Executing tools/debugger/Gui/editWatchDlg.ed.gui.
Executing tools/debugger/Gui/findDlg.ed.gui.
Executing tools/debugger/Gui/debugger.ed.gui.
Executing tools/debugger/Gui/watchDlg.ed.gui.
Executing tools/decalEditor/main.cs.
 % - Initializing Decal Editor
Executing tools/decalEditor/decalEditor.cs.
Executing tools/decalEditor/decalEditorGui.gui.
Executing tools/decalEditor/decalEditorGui.cs.
Executing tools/decalEditor/decalEditorActions.cs.
Executing tools/forestEditor/main.cs.
 % - Initializing Forest Editor
Executing tools/forestEditor/forestEditor.cs.
Executing tools/forestEditor/forestEditorGui.gui.
Executing tools/forestEditor/forestEditToolbar.ed.gui.
Executing tools/forestEditor/forestEditorGui.cs.
Executing tools/forestEditor/tools.cs.
Executing tools/guiEditor/main.cs.
 % - Initializing Gui Editor
Executing tools/guiEditor/gui/guiEditor.ed.gui.
Executing tools/guiEditor/gui/guiEditorNewGuiDialog.ed.gui.
Executing tools/guiEditor/gui/guiEditorPrefsDlg.ed.gui.
Executing tools/guiEditor/gui/guiEditorSelectDlg.ed.gui.
Executing tools/guiEditor/gui/EditorChooseGUI.ed.gui.
Executing tools/guiEditor/scripts/guiEditor.ed.cs.
Executing tools/guiEditor/scripts/guiEditorTreeView.ed.cs.
Executing tools/guiEditor/scripts/guiEditorInspector.ed.cs.
Executing tools/guiEditor/scripts/guiEditorProfiles.ed.cs.
Executing tools/guiEditor/scripts/guiEditorGroup.ed.cs.
Executing tools/guiEditor/scripts/guiEditorUndo.ed.cs.
Executing tools/guiEditor/scripts/guiEditorCanvas.ed.cs.
Executing tools/guiEditor/scripts/guiEditorContentList.ed.cs.
Executing tools/guiEditor/scripts/guiEditorStatusBar.ed.cs.
Executing tools/guiEditor/scripts/guiEditorToolbox.ed.cs.
Executing tools/guiEditor/scripts/guiEditorSelectDlg.ed.cs.
Executing tools/guiEditor/scripts/guiEditorNewGuiDialog.ed.cs.
Executing tools/guiEditor/scripts/fileDialogs.ed.cs.
Executing tools/guiEditor/scripts/guiEditorPrefsDlg.ed.cs.
Executing tools/guiEditor/scripts/EditorChooseGUI.ed.cs.
Executing tools/materialEditor/main.cs.
 % - Initializing Material Editor
Executing tools/materialEditor/gui/guiMaterialPreviewWindow.ed.gui.
Executing tools/materialEditor/gui/guiMaterialPropertiesWindow.ed.gui.
Executing tools/materialEditor/scripts/materialEditor.ed.cs.
Executing tools/materialEditor/scripts/materialEditorUndo.ed.cs.
Executing tools/meshRoadEditor/main.cs.
 % - Initializing Mesh Road Editor
Executing tools/meshRoadEditor/meshRoadEditor.cs.
Executing tools/meshRoadEditor/meshRoadEditorGui.gui.
Executing tools/meshRoadEditor/meshRoadEditorToolbar.gui.
Executing tools/meshRoadEditor/meshRoadEditorGui.cs.
Executing tools/missionAreaEditor/main.cs.
 % - Initializing Mission Area Editor
Executing tools/missionAreaEditor/missionAreaEditor.ed.cs.
Executing tools/missionAreaEditor/missionAreaEditorGui.ed.gui.
Executing tools/missionAreaEditor/missionAreaEditorGui.ed.cs.
Executing tools/particleEditor/main.cs.
 % - Initializing Particle Editor
Executing tools/particleEditor/ParticleEditor.ed.gui.
Executing tools/particleEditor/particleEditor.ed.cs.
Executing tools/particleEditor/particleEditorUndo.ed.cs.
Executing tools/particleEditor/particleEmitterEditor.ed.cs.
Executing tools/particleEditor/particleParticleEditor.ed.cs.
Executing tools/physicsTools/main.cs.
 % - Initializing Physics Tools
No physics plugin exists.
Executing tools/riverEditor/main.cs.
 % - Initializing River Editor
Executing tools/riverEditor/riverEditor.cs.
Executing tools/riverEditor/riverEditorGui.gui.
Executing tools/riverEditor/riverEditorToolbar.gui.
Executing tools/riverEditor/riverEditorGui.cs.
Executing tools/roadEditor/main.cs.
 - Initializing Road and Path Editor
Executing tools/roadEditor/roadEditor.cs.
Executing tools/roadEditor/roadEditorGui.gui.
Executing tools/roadEditor/roadEditorToolbar.gui.
Executing tools/roadEditor/roadEditorGui.cs.
Executing tools/shapeEditor/main.cs.
 % - Initializing Shape Editor
Executing tools/shapeEditor/gui/Profiles.ed.cs.
Executing tools/shapeEditor/gui/shapeEdPreviewWindow.ed.gui.
Executing tools/shapeEditor/gui/shapeEdAnimWindow.ed.gui.
Executing tools/shapeEditor/gui/shapeEdAdvancedWindow.ed.gui.
Executing tools/shapeEditor/gui/shapeEditorToolbar.ed.gui.
Executing tools/shapeEditor/gui/shapeEdSelectWindow.ed.gui.
Executing tools/shapeEditor/gui/shapeEdPropWindow.ed.gui.
Executing tools/shapeEditor/scripts/shapeEditor.ed.cs.
Executing tools/shapeEditor/scripts/shapeEditorHints.ed.cs.
Executing tools/shapeEditor/scripts/shapeEditorActions.ed.cs.
Engine initialized...
Started up in 6.66 seconds...
Window focus status changed: focus: 1
AntiAliasing has been disabled; it is not compatible with AdvancedLighting.
Exporting server prefs...
Exporting client prefs
Exporting server prefs
Cur. D3DDevice ref count=1
GFXTextureObject::dumpActiveTOs - no active TOs to dump.
GFXPrimitiveBuffer::dumpActivePBs - no currently active PBs to dump. You are A-OK!
